<?xml version="1.0" encoding="UTF-8"?>
<!-- Generated by org.testng.reporters.JUnitReportReporter -->
<testsuite hostname="WINDOWS-UNR7VLH" failures="0" tests="1" name="test.NewTest" time="0.000" errors="0" timestamp="2022-10-20T12:13:09 IST" skipped="1">
  <testcase classname="test.NewTest" name="f" time="0.000">
    <skipped/>
  </testcase> <!-- f -->
  <system-out/>
</testsuite> <!-- test.NewTest -->
