<?xml version="1.0" encoding="UTF-8"?>
<!-- Generated by org.testng.reporters.JUnitReportReporter -->
<testsuite hostname="WINDOWS-UNR7VLH" failures="0" tests="2" name="test.CrossBrowser" time="6.551" errors="0" timestamp="2022-10-20T15:17:50 IST" skipped="0">
  <testcase classname="test.CrossBrowser" name="f" time="3.077"/>
  <system-out>
    <![CDATA[LoginSuccess]]>
  </system-out>
  <testcase classname="test.CrossBrowser" name="f" time="3.474"/>
  <system-out>
    <![CDATA[LoginSuccess]]>
  </system-out>
</testsuite> <!-- test.CrossBrowser -->
