<?xml version="1.0" encoding="UTF-8"?>
<!-- Generated by org.testng.reporters.JUnitReportReporter -->
<testsuite hostname="WINDOWS-UNR7VLH" failures="0" tests="2" name="test.DataProvderWithExcel1" time="19.297" errors="0" timestamp="2022-10-21T13:04:25 IST" skipped="0">
  <testcase classname="test.DataProvderWithExcel1" name="f" time="11.393"/>
  <system-out/>
  <testcase classname="test.DataProvderWithExcel1" name="f" time="7.904"/>
  <system-out/>
</testsuite> <!-- test.DataProvderWithExcel1 -->
