<?xml version="1.0" encoding="UTF-8"?>
<!-- Generated by org.testng.reporters.JUnitReportReporter -->
<testsuite hostname="WINDOWS-UNR7VLH" failures="0" tests="1" name="test.ExtendDemo" time="15.124" errors="0" timestamp="2022-11-02T11:17:11 IST" skipped="0">
  <testcase classname="test.ExtendDemo" name="extentReportDemo" time="15.124"/>
  <system-out/>
</testsuite> <!-- test.ExtendDemo -->
