<?xml version="1.0" encoding="UTF-8"?>
<!-- Generated by org.testng.reporters.JUnitReportReporter -->
<testsuite hostname="WINDOWS-UNR7VLH" failures="0" tests="3" name="test.PriorityDemo" time="8.412" errors="0" timestamp="2022-10-20T12:56:15 IST" skipped="0">
  <testcase classname="test.PriorityDemo" name="login" time="4.251"/>
  <system-out>
    <![CDATA[LoginSuccess]]>
  </system-out>
  <testcase classname="test.PriorityDemo" name="searchHotel" time="3.849"/>
  <system-out>
    <![CDATA[search hotel success]]>
  </system-out>
  <testcase classname="test.PriorityDemo" name="selectHotel" time="0.312"/>
  <system-out/>
</testsuite> <!-- test.PriorityDemo -->
