<?xml version="1.0" encoding="UTF-8"?>
<!-- Generated by org.testng.reporters.JUnitReportReporter -->
<testsuite hostname="WINDOWS-UNR7VLH" failures="0" tests="2" name="test.ParallelTest" time="13.895" errors="0" timestamp="2022-10-20T14:27:47 IST" skipped="0">
  <testcase classname="test.ParallelTest" name="EdgeTest" time="5.244"/>
  <system-out>
    <![CDATA[driver instantiation in edge]]>
  </system-out>
  <testcase classname="test.ParallelTest" name="ChromeTest" time="8.651"/>
  <system-out>
    <![CDATA[driver instantiation in chrome]]>
  </system-out>
</testsuite> <!-- test.ParallelTest -->
