<?xml version="1.0" encoding="UTF-8"?>
<!-- Generated by org.testng.reporters.JUnitReportReporter -->
<testsuite hostname="WINDOWS-UNR7VLH" failures="0" tests="1" name="test.Catfile" time="7.062" errors="0" timestamp="2022-11-04T10:57:10 IST" skipped="0">
  <testcase classname="test.Catfile" name="getCatMethods" time="7.062"/>
  <system-out/>
</testsuite> <!-- test.Catfile -->
