<?xml version="1.0" encoding="UTF-8"?>
<!-- Generated by org.testng.reporters.JUnitReportReporter -->
<testsuite hostname="WINDOWS-UNR7VLH" failures="0" tests="1" name="test.TestNG_Post" time="9.454" errors="0" timestamp="2022-11-08T11:47:53 IST" skipped="0">
  <testcase classname="test.TestNG_Post" name="postReqresUser" time="9.454"/>
  <system-out/>
</testsuite> <!-- test.TestNG_Post -->
