<?xml version="1.0" encoding="UTF-8"?>
<!-- Generated by org.testng.reporters.JUnitReportReporter -->
<testsuite hostname="WINDOWS-UNR7VLH" failures="0" tests="1" name="test.GoRestPut" time="5.458" errors="0" timestamp="2022-11-07T16:02:57 IST" skipped="0">
  <testcase classname="test.GoRestPut" name="goRestPut" time="5.458"/>
  <system-out/>
</testsuite> <!-- test.GoRestPut -->
