<?xml version="1.0" encoding="UTF-8"?>
<!-- Generated by org.testng.reporters.JUnitReportReporter -->
<testsuite hostname="WINDOWS-UNR7VLH" failures="0" tests="1" name="test.JsonPlaceHolder" time="8.962" errors="0" timestamp="2022-11-04T11:54:00 IST" skipped="0">
  <testcase classname="test.JsonPlaceHolder" name="HeaderBodyUserid" time="8.962"/>
  <system-out/>
</testsuite> <!-- test.JsonPlaceHolder -->
