<?xml version="1.0" encoding="UTF-8"?>
<!-- Generated by org.testng.reporters.JUnitReportReporter -->
<testsuite hostname="WINDOWS-UNR7VLH" failures="0" tests="1" name="test.FifthResAs" time="6.951" errors="0" timestamp="2022-11-03T17:08:38 IST" skipped="0">
  <testcase classname="test.FifthResAs" name="getReqresSingleUser" time="6.951"/>
  <system-out/>
</testsuite> <!-- test.FifthResAs -->
