<?xml version="1.0" encoding="UTF-8"?>
<!-- Generated by org.testng.reporters.JUnitReportReporter -->
<testsuite hostname="WINDOWS-UNR7VLH" failures="0" tests="1" name="test.BikeWise" time="37.370" errors="0" timestamp="2022-11-04T14:00:46 IST" skipped="0">
  <testcase classname="test.BikeWise" name="headersStatuscode" time="37.370"/>
  <system-out/>
</testsuite> <!-- test.BikeWise -->
