<?xml version="1.0" encoding="UTF-8"?>
<!-- Generated by org.testng.reporters.JUnitReportReporter -->
<testsuite hostname="WINDOWS-UNR7VLH" failures="0" tests="1" name="test.OpenLibrary" time="6.540" errors="0" timestamp="2022-11-04T11:58:44 IST" skipped="0">
  <testcase classname="test.OpenLibrary" name="responseBody" time="6.540"/>
  <system-out/>
</testsuite> <!-- test.OpenLibrary -->
