<?xml version="1.0" encoding="UTF-8"?>
<!-- Generated by org.testng.reporters.JUnitReportReporter -->
<testsuite hostname="WINDOWS-UNR7VLH" failures="0" tests="1" name="test.TestNGQueryParamDemo" time="7.641" errors="0" timestamp="2022-11-04T11:38:44 IST" skipped="0">
  <testcase classname="test.TestNGQueryParamDemo" name="GetReqresUserList" time="7.641"/>
  <system-out/>
</testsuite> <!-- test.TestNGQueryParamDemo -->
