<?xml version="1.0" encoding="UTF-8"?>
<!-- Generated by org.testng.reporters.JUnitReportReporter -->
<testsuite hostname="WINDOWS-UNR7VLH" failures="0" tests="1" name="test.AuthDemo" time="7.655" errors="0" timestamp="2022-11-04T16:08:21 IST" skipped="0">
  <testcase classname="test.AuthDemo" name="Authentication" time="7.655"/>
  <system-out/>
</testsuite> <!-- test.AuthDemo -->
