<?xml version="1.0" encoding="UTF-8"?>
<!-- Generated by org.testng.reporters.JUnitReportReporter -->
<testsuite hostname="WINDOWS-UNR7VLH" failures="0" tests="1" name="test.TestNG_JsonManipulation" time="10.573" errors="0" timestamp="2022-11-07T16:00:59 IST" skipped="0">
  <testcase classname="test.TestNG_JsonManipulation" name="JsonManipulation" time="10.573"/>
  <system-out/>
</testsuite> <!-- test.TestNG_JsonManipulation -->
